[Aug 03 2015 01:21:49] ERROR_HANDLER 
Number:  2
Message: gzinflate(): data error
File:    /Users/Rob/Sites/coffeedesign/wp-includes/class-http.php
Line:    2116
-------------------------------------------- 
[Aug 03 2015 01:21:51] ERROR_HANDLER 
Number:  2
Message: gzinflate(): data error
File:    /Users/Rob/Sites/coffeedesign/wp-includes/class-http.php
Line:    2116
-------------------------------------------- 
[Aug 03 2015 02:41:27] ERROR_HANDLER 
Number:  2
Message: gzinflate(): data error
File:    /Users/Rob/Sites/coffeedesign/wp-includes/class-http.php
Line:    2116
-------------------------------------------- 
[Aug 03 2015 02:41:29] ERROR_HANDLER 
Number:  2
Message: gzinflate(): data error
File:    /Users/Rob/Sites/coffeedesign/wp-includes/class-http.php
Line:    2116
-------------------------------------------- 
[Aug 03 2015 02:41:31] ERROR_HANDLER 
Number:  2
Message: gzinflate(): data error
File:    /Users/Rob/Sites/coffeedesign/wp-includes/class-http.php
Line:    2116
-------------------------------------------- 
[Aug 03 2015 02:41:32] ERROR_HANDLER 
Number:  2
Message: gzinflate(): data error
File:    /Users/Rob/Sites/coffeedesign/wp-includes/class-http.php
Line:    2116
-------------------------------------------- 
[Aug 03 2015 02:41:34] ERROR_HANDLER 
Number:  2
Message: gzinflate(): data error
File:    /Users/Rob/Sites/coffeedesign/wp-includes/class-http.php
Line:    2116
-------------------------------------------- 
[Aug 03 2015 02:41:35] ERROR_HANDLER 
Number:  2
Message: gzinflate(): data error
File:    /Users/Rob/Sites/coffeedesign/wp-includes/class-http.php
Line:    2116
-------------------------------------------- 
